0 info it worked if it ends with ok
1 verbose cli [ '/Users/annefraysse/.nvm/versions/node/v6.11.0/bin/node',
1 verbose cli   '/Users/annefraysse/.nvm/versions/node/v6.11.0/bin/npm',
1 verbose cli   'start' ]
2 info using npm@3.10.10
3 info using node@v6.11.0
4 verbose run-script [ 'prestart', 'start', 'poststart' ]
5 info lifecycle SnapClick@1.0.0~prestart: SnapClick@1.0.0
6 silly lifecycle SnapClick@1.0.0~prestart: no script for prestart, continuing
7 info lifecycle SnapClick@1.0.0~start: SnapClick@1.0.0
8 verbose lifecycle SnapClick@1.0.0~start: unsafe-perm in lifecycle true
9 verbose lifecycle SnapClick@1.0.0~start: PATH: /Users/annefraysse/.nvm/versions/node/v6.11.0/lib/node_modules/npm/bin/node-gyp-bin:/Users/annefraysse/Desktop/SnapClick/node_modules/.bin:/Library/Frameworks/Python.framework/Versions/3.6/bin:/Users/annefraysse/anaconda2/bin:/Users/annefraysse/.nvm/versions/node/v6.11.0/bin:/usr/local/bin:/usr/bin:/bin:/usr/sbin:/sbin:/Users/annefraysse/bin
10 verbose lifecycle SnapClick@1.0.0~start: CWD: /Users/annefraysse/Desktop/SnapClick
11 silly lifecycle SnapClick@1.0.0~start: Args: [ '-c', 'webpack && babel-node server.js' ]
12 silly lifecycle SnapClick@1.0.0~start: Returned: code: 2  signal: null
13 info lifecycle SnapClick@1.0.0~start: Failed to exec start script
14 verbose stack Error: SnapClick@1.0.0 start: `webpack && babel-node server.js`
14 verbose stack Exit status 2
14 verbose stack     at EventEmitter.<anonymous> (/Users/annefraysse/.nvm/versions/node/v6.11.0/lib/node_modules/npm/lib/utils/lifecycle.js:255:16)
14 verbose stack     at emitTwo (events.js:106:13)
14 verbose stack     at EventEmitter.emit (events.js:191:7)
14 verbose stack     at ChildProcess.<anonymous> (/Users/annefraysse/.nvm/versions/node/v6.11.0/lib/node_modules/npm/lib/utils/spawn.js:40:14)
14 verbose stack     at emitTwo (events.js:106:13)
14 verbose stack     at ChildProcess.emit (events.js:191:7)
14 verbose stack     at maybeClose (internal/child_process.js:891:16)
14 verbose stack     at Process.ChildProcess._handle.onexit (internal/child_process.js:226:5)
15 verbose pkgid SnapClick@1.0.0
16 verbose cwd /Users/annefraysse/Desktop/SnapClick
17 error Darwin 17.2.0
18 error argv "/Users/annefraysse/.nvm/versions/node/v6.11.0/bin/node" "/Users/annefraysse/.nvm/versions/node/v6.11.0/bin/npm" "start"
19 error node v6.11.0
20 error npm  v3.10.10
21 error code ELIFECYCLE
22 error SnapClick@1.0.0 start: `webpack && babel-node server.js`
22 error Exit status 2
23 error Failed at the SnapClick@1.0.0 start script 'webpack && babel-node server.js'.
23 error Make sure you have the latest version of node.js and npm installed.
23 error If you do, this is most likely a problem with the SnapClick package,
23 error not with npm itself.
23 error Tell the author that this fails on your system:
23 error     webpack && babel-node server.js
23 error You can get information on how to open an issue for this project with:
23 error     npm bugs SnapClick
23 error Or if that isn't available, you can get their info via:
23 error     npm owner ls SnapClick
23 error There is likely additional logging output above.
24 verbose exit [ 1, true ]
